D:\CarmAndroid\WADs\Data_Modded\DATA\CONTENT\TEXTURES\TRELLICE.IMG
1.0 : Compressed, OneBitAlpha : Huffman : Format4planeARGB
D:\CarmAndroid\WADs\Data_Modded\DATA\CONTENT\TEXTURES\TRELLICE.IMG
1.0 : Compressed, OneBitAlpha : Huffman : Format4planeARGB
D:\CarmAndroid\WADs\Data_Modded\DATA\CONTENT\TEXTURES\TRELLICE.IMG
1.0 : Compressed, OneBitAlpha : Huffman : Format4planeARGB
D:\CarmAndroid\WADs\Data_Modded\DATA\CONTENT\TEXTURES\TRELLICE.IMG
1.0 : Compressed, OneBitAlpha : Huffman : Format4planeARGB
D:\CarmAndroid\WADs\Data_Modded\DATA\CONTENT\TEXTURES\TRELLICE.IMG
1.0 : Compressed, OneBitAlpha : Huffman : Format4planeARGB
D:\CarmAndroid\WADs\Data_Modded\DATA\CONTENT\TEXTURES\TRELLICE.IMG
1.0 : Compressed, OneBitAlpha : Huffman : Format4planeARGB
D:\CarmAndroid\WADs\Data_Modded\DATA\CONTENT\TEXTURES\TRELLICE.IMG
1.0 : Compressed, OneBitAlpha : Huffman : Format4planeARGB
D:\CarmAndroid\WADs\Data_Modded\DATA\CONTENT\TEXTURES\TRELLICE.IMG
1.0 : Compressed, OneBitAlpha : Huffman : Format4planeARGB
D:\CarmAndroid\WADs\Data_Modded\DATA\CONTENT\TEXTURES\TRELLICE.IMG
1.0 : Compressed, OneBitAlpha : Huffman : Format4planeARGB
D:\CarmAndroid\WADs\Data_Modded\DATA\CONTENT\TEXTURES\TRELLICE.IMG
1.0 : Compressed, OneBitAlpha : Huffman : Format4planeARGB
D:\CarmAndroid\WADs\Data_Modded\DATA\CONTENT\TEXTURES\TRELLICE.IMG
1.0 : Compressed, OneBitAlpha : Huffman : Format4planeARGB
D:\CarmAndroid\WADs\Data_Modded\DATA\CONTENT\TEXTURES\TRELLICE.IMG
1.0 : Compressed, OneBitAlpha : Huffman : Format4planeARGB
D:\CarmAndroid\WADs\Data_Modded\DATA\CONTENT\TEXTURES\TRELLICE.IMG
1.0 : Compressed, OneBitAlpha : Huffman : Format4planeARGB
assets\colour_test.png
assets\colour_test.png isn't a valid IMG file
colour_test_h.img
1.1 : Compressed, DisableDownSample, DisableMipMaps : Huffman, DontAutoJPEG : Format4planeARGB
colour_test_h.img
1.1 : Compressed, DisableDownSample, DisableMipMaps : Huffman, DontAutoJPEG : Format4planeARGB
colour_test_h.img
1.1 : Compressed, DisableDownSample, DisableMipMaps : Huffman, DontAutoJPEG : Format4planeARGB
colour_test_h.img
1.1 : Compressed, DisableDownSample, DisableMipMaps : Huffman, DontAutoJPEG : Format4planeXRGB
colour_test_h.img
1.1 : Compressed, DisableDownSample, DisableMipMaps : Huffman, DontAutoJPEG : Format4planeXRGB
colour_test_h.img
1.1 : Compressed, DisableDownSample, DisableMipMaps : Huffman, DontAutoJPEG : Format4planeXRGB
colour_test2_h.img
1.1 : Compressed, DisableDownSample, DisableMipMaps : Huffman, DontAutoJPEG : Format4planeXRGB
colour_test2_h.img
1.1 : Compressed, DisableDownSample, DisableMipMaps : Huffman, DontAutoJPEG : Format4planeXRGB
colour_test2_h.img
1.1 : Compressed, DisableDownSample, DisableMipMaps : Huffman, DontAutoJPEG : Format4planeXRGB
colour_test2_h.img
1.1 : Compressed, DisableDownSample, DisableMipMaps : Huffman, DontAutoJPEG : Format4planeXRGB
colour_test2_h.img
1.1 : Compressed, DisableDownSample, DisableMipMaps : Huffman, DontAutoJPEG : Format4planeXRGB
colour_test2_h.img
1.1 : Compressed, DisableDownSample, DisableMipMaps : Huffman, DontAutoJPEG : Format4planeXRGB
colour_test2_h.img
1.1 : Compressed, DisableDownSample, DisableMipMaps : Huffman, DontAutoJPEG : Format4planeXRGB
colour_test2_h.img
1.1 : Compressed, DisableDownSample, DisableMipMaps : Huffman, DontAutoJPEG : Format4planeXRGB
colour_test2_h.img
1.1 : Compressed, DisableDownSample, DisableMipMaps : Huffman, DontAutoJPEG : Format4planeXRGB
colour_test2_h.img
1.1 : Compressed, DisableDownSample, DisableMipMaps : Huffman, DontAutoJPEG : Format4planeXRGB
colour_test2_h.img
1.1 : Compressed, DisableDownSample, DisableMipMaps : Huffman, DontAutoJPEG : Format4planeXRGB
colour_test2_h.img
1.1 : Compressed, DisableDownSample, DisableMipMaps : Huffman, DontAutoJPEG : Format4planeXRGB
colour_test2_h.img
1.1 : Compressed, DisableDownSample, DisableMipMaps : Huffman, DontAutoJPEG : Format4planeXRGB
colour_test2_h.img
1.1 : Compressed, DisableDownSample, DisableMipMaps : Huffman, DontAutoJPEG : Format4planeXRGB
colour_test2_h.img
1.1 : Compressed, DisableDownSample, DisableMipMaps : Huffman, DontAutoJPEG : Format4planeXRGB
colour_test2_h.img
1.1 : Compressed, DisableDownSample, DisableMipMaps : Huffman, DontAutoJPEG : Format4planeXRGB
colour_test2_h.img
1.1 : Compressed, DisableDownSample, DisableMipMaps : Huffman, DontAutoJPEG : Format4planeXRGB
colour_test2_h.img
1.1 : Compressed, DisableDownSample, DisableMipMaps : Huffman, DontAutoJPEG : Format4planeXRGB
colour_test2_h.img
1.1 : Compressed, DisableDownSample, DisableMipMaps : Huffman, DontAutoJPEG : Format4planeXRGB
colour_test2_h.img
1.1 : Compressed, DisableDownSample, DisableMipMaps : Huffman, DontAutoJPEG : Format4planeXRGB
colour_test_h.img
1.1 : Compressed, DisableDownSample, DisableMipMaps : Huffman, DontAutoJPEG : Format4planeARGB
dump.img
1.0 : DisableCompressInTextureMemory, Compressed, Disable16bit, DisableDownSample : LIC, SRGB : Format4planeXRGB
fhawk_paint2_d.img
1.1 : Compressed, DisableDownSample, DisableMipMaps : Huffman, DontAutoJPEG : Format4planeARGB
fhawk_paint2_d.img
1.1 : Compressed, DisableDownSample, DisableMipMaps : Huffman, DontAutoJPEG : Format4planeARGB
FAUST.IMG
1.0 : DisableCompressInTextureMemory, Compressed, Disable16bit, DisableDownSample : LIC, SRGB : Format4planeXRGB
FAUST.IMG
1.0 : DisableCompressInTextureMemory, Compressed, Disable16bit, DisableDownSample : LIC, SRGB : Format4planeXRGB
DUMP.IMG
1.0 : DisableCompressInTextureMemory, Compressed, Disable16bit, DisableDownSample : LIC, SRGB : Format4planeXRGB
colour_test4.IMG
1.1 : Compressed, DisableDownSample, DisableMipMaps : DontAutoJPEG : 1
colour_test_h.IMG
1.1 : Compressed, DisableDownSample, DisableMipMaps : Huffman, DontAutoJPEG : PlaneARGB
colour_test_h.IMG
1.1 : Compressed, DisableDownSample, DisableMipMaps : Huffman, DontAutoJPEG : PlaneARGB
dump.IMG
1.0 : DisableCompressInTextureMemory, Compressed, Disable16bit, DisableDownSample : LIC, SRGB : PlaneXRGB
dump.IMG
dump.IMG
1.0 : DisableCompressInTextureMemory, Compressed, Disable16bit, DisableDownSample : LIC, SRGB : PlaneXRGB
chevrn.IMG
1.0 : Compressed : Huffman : PlaneXRGB
D:\CarmAndroid\WADs\Data_Android\DATA\CONTENT\TEXTURES\ARROWON.IMG
1.0 : Compressed : 0 : XRGB
D:\CarmAndroid\WADs\Data_Android\DATA\CONTENT\TEXTURES\ARROWON.IMG
1.0 : Compressed : 0 : XRGB
D:\CarmAndroid\WADs\Data_Android\DATA\CONTENT\TEXTURES\ARROWON.IMG
1.0 : Compressed : 0 : XRGB
C:\Dev\CarmAndroid\WADs\Data_Android\DATA\CONTENT\TEXTURES\ARROWON.IMG
1.0 : Compressed : 0 : XRGB
C:\Dev\CarmAndroid\WADs\Data_Android\DATA\CONTENT\TEXTURES\ARROWON.IMG
1.0 : Compressed : 0 : XRGB
C:\Dev\CarmAndroid\WADs\Data_Android\DATA\CONTENT\TEXTURES\ARROWON.IMG
1.0 : Compressed : 0 : XRGB
C:\Dev\CarmAndroid\WADs\Data_Android\DATA\CONTENT\TEXTURES\ARROWON.IMG
1.0 : Compressed : 0 : XRGB
C:\Dev\CarmAndroid\WADs\Data_Android\DATA\CONTENT\TEXTURES\ARROWON.IMG
1.0 : Compressed : 0 : XRGB
C:\Dev\CarmAndroid\WADs\Data_Android\DATA\CONTENT\TEXTURES\ARROWON.IMG
1.0 : Compressed : 0 : XRGB
C:\Dev\CarmAndroid\WADs\Data_Android\DATA\CONTENT\TEXTURES\ARROWON.IMG
1.0 : Compressed : 0 : XRGB
C:\Dev\CarmAndroid\WADs\Data_Android\DATA\CONTENT\TEXTURES\ARROWON.IMG
1.0 : Compressed : 0 : XRGB
C:\Dev\CarmAndroid\WADs\Data_Android\DATA\CONTENT\TEXTURES\ARROWON.IMG
1.0 : Compressed : 0 : XRGB
C:\Dev\CarmAndroid\WADs\Data_Android\DATA\CONTENT\TEXTURES\ARROWON.IMG
1.0 : Compressed : 0 : XRGB
C:\Dev\CarmAndroid\WADs\Data_Android\DATA\CONTENT\TEXTURES\ARROWON.IMG
1.0 : Compressed : 0 : XRGB
C:\Dev\CarmAndroid\WADs\Data_Android\DATA\CONTENT\FONTS\12PX_MEDIUM_NEOSANS_12PT.IMG
1.0 : DisableCompressInTextureMemory, Compressed, AttachedDataSize, DisableDownSample, DisableMipMaps : 0 : PlaneARGB
C:\Dev\CarmAndroid\WADs\Data_Android\DATA\CONTENT\TEXTURES\ALL_GIBS.IMG
1.0 : Compressed : 0 : PlaneARGB
C:\Dev\CarmAndroid\WADs\Data_Android\DATA\CONTENT\TEXTURES\ALL_GIBS.IMG
1.0 : Compressed : 0 : PlaneARGB
C:\Dev\CarmAndroid\WADs\Data_Android\DATA\CONTENT\FONTS\NEWCHECK.IMG
C:\Dev\CarmAndroid\WADs\Data_Android\DATA\CONTENT\FONTS\NEWCHECK.IMG
C:\Dev\CarmAndroid\WADs\Data_Android\DATA\CONTENT\TEXTURES\NEWCHECK.IMG
1.0 : Compressed : 0 : PlaneXRGB
C:\Dev\CarmAndroid\WADs\Data_Android\DATA\CONTENT\TEXTURES\NEWCHECK.IMG
1.0 : Compressed : 0 : PlaneXRGB
C:\Dev\CarmAndroid\WADs\Data_Android\DATA\CONTENT\TEXTURES\NEWCHECK.IMG
1.0 : Compressed : 0 : PlaneXRGB
C:\Dev\CarmAndroid\WADs\Data_Android\DATA\CONTENT\TEXTURES\NEWCHECK.IMG
1.0 : Compressed : 0 : PlaneXRGB
C:\Dev\CarmAndroid\WADs\Data_Android\DATA\CONTENT\TEXTURES\NEWCHECK.IMG
1.0 : Compressed : 0 : PlaneXRGB
C:\Dev\CarmAndroid\WADs\Data_Android\DATA\CONTENT\TEXTURES\NEWCHECK.IMG
1.0 : Compressed : 0 : PlaneXRGB
C:\Dev\CarmAndroid\WADs\Data_Android\DATA\CONTENT\TEXTURES\NEWCHECK.IMG
1.0 : Compressed : 0 : PlaneXRGB
C:\Dev\CarmAndroid\WADs\Data_Android\DATA\CONTENT\TEXTURES\NEWCHECK.IMG
1.0 : Compressed : 0 : PlaneXRGB
C:\Dev\CarmAndroid\WADs\Data_Android\DATA\CONTENT\TEXTURES\NEWCHECK.IMG
1.0 : Compressed : 0 : PlaneXRGB
C:\Dev\CarmAndroid\WADs\Data_Android\DATA\CONTENT\TEXTURES\NEWCHECK.IMG
1.0 : Compressed : 0 : PlaneXRGB
C:\Dev\CarmAndroid\WADs\Data_Android\DATA\CONTENT\TEXTURES\NEWCHECK.IMG
1.0 : Compressed : 0 : PlaneXRGB
C:\Dev\CarmAndroid\WADs\Data_Android\DATA\CONTENT\TEXTURES\NEWCHECK.IMG
1.0 : Compressed : 0 : PlaneXRGB
C:\Dev\CarmAndroid\WADs\Data_Android\DATA\CONTENT\TEXTURES\NEWCHECK.IMG
1.0 : Compressed : 0 : PlaneXRGB
C:\Dev\CarmAndroid\WADs\Data_Android\DATA\CONTENT\TEXTURES\NEWCHECK.IMG
1.0 : Compressed : 0 : PlaneXRGB
DUMP.IMG
1.0 : DisableCompressInTextureMemory, Compressed, Disable16bit, DisableDownSample : LIC, SRGB : PlaneXRGB
DUMP.img
1.0 : DisableCompressInTextureMemory, Compressed, Disable16bit, DisableDownSample : LIC, SRGB : PlaneXRGB
DUMP.img
1.0 : DisableCompressInTextureMemory, Compressed, Disable16bit, DisableDownSample : LIC, SRGB : PlaneXRGB
DUMP.img
1.0 : DisableCompressInTextureMemory, Compressed, Disable16bit, DisableDownSample : LIC, SRGB : PlaneXRGB
DUMP.img
1.0 : DisableCompressInTextureMemory, Compressed, Disable16bit, DisableDownSample : LIC, SRGB : PlaneXRGB
DUMP.img
1.0 : DisableCompressInTextureMemory, Compressed, Disable16bit, DisableDownSample : LIC, SRGB : PlaneXRGB
DUMP.img
1.0 : DisableCompressInTextureMemory, Compressed, Disable16bit, DisableDownSample : LIC, SRGB : PlaneXRGB
DUMP.img
1.0 : DisableCompressInTextureMemory, Compressed, Disable16bit, DisableDownSample : LIC, SRGB : PlaneXRGB
DUMP.img
1.0 : DisableCompressInTextureMemory, Compressed, Disable16bit, DisableDownSample : LIC, SRGB : PlaneXRGB
DUMP.img
1.0 : DisableCompressInTextureMemory, Compressed, Disable16bit, DisableDownSample : LIC, SRGB : PlaneXRGB
DUMP.img
1.0 : DisableCompressInTextureMemory, Compressed, Disable16bit, DisableDownSample : LIC, SRGB : PlaneXRGB
DUMP.img
1.0 : DisableCompressInTextureMemory, Compressed, Disable16bit, DisableDownSample : LIC, SRGB : PlaneXRGB
DUMP.img
1.0 : DisableCompressInTextureMemory, Compressed, Disable16bit, DisableDownSample : LIC, SRGB : PlaneXRGB
DUMP.img
1.0 : DisableCompressInTextureMemory, Compressed, Disable16bit, DisableDownSample : LIC, SRGB : PlaneXRGB
DUMP.img
1.0 : DisableCompressInTextureMemory, Compressed, Disable16bit, DisableDownSample : LIC, SRGB : PlaneXRGB
DUMP.img
1.0 : DisableCompressInTextureMemory, Compressed, Disable16bit, DisableDownSample : LIC, SRGB : PlaneXRGB
DUMP.img
1.0 : DisableCompressInTextureMemory, Compressed, Disable16bit, DisableDownSample : LIC, SRGB : PlaneXRGB
DUMP.img
1.0 : DisableCompressInTextureMemory, Compressed, Disable16bit, DisableDownSample : LIC, SRGB : PlaneXRGB
DUMP.img
1.0 : DisableCompressInTextureMemory, Compressed, Disable16bit, DisableDownSample : LIC, SRGB : PlaneXRGB
DUMP.img
1.0 : DisableCompressInTextureMemory, Compressed, Disable16bit, DisableDownSample : LIC, SRGB : PlaneXRGB
DUMP.img
1.0 : DisableCompressInTextureMemory, Compressed, Disable16bit, DisableDownSample : LIC, SRGB : PlaneXRGB
DUMP.img
1.0 : DisableCompressInTextureMemory, Compressed, Disable16bit, DisableDownSample : LIC, SRGB : PlaneXRGB
DUMP.img
1.0 : DisableCompressInTextureMemory, Compressed, Disable16bit, DisableDownSample : LIC, SRGB : PlaneXRGB
DUMP.img
1.0 : DisableCompressInTextureMemory, Compressed, Disable16bit, DisableDownSample : LIC, SRGB : PlaneXRGB
DUMP.img
1.0 : DisableCompressInTextureMemory, Compressed, Disable16bit, DisableDownSample : LIC, SRGB : PlaneXRGB
DUMP.img
1.0 : DisableCompressInTextureMemory, Compressed, Disable16bit, DisableDownSample : LIC, SRGB : PlaneXRGB
DUMP.img
1.0 : DisableCompressInTextureMemory, Compressed, Disable16bit, DisableDownSample : LIC, SRGB : PlaneXRGB
DUMP.img
1.0 : DisableCompressInTextureMemory, Compressed, Disable16bit, DisableDownSample : LIC, SRGB : PlaneXRGB
DUMP.img
1.0 : DisableCompressInTextureMemory, Compressed, Disable16bit, DisableDownSample : LIC, SRGB : PlaneXRGB
DUMP.img
1.0 : DisableCompressInTextureMemory, Compressed, Disable16bit, DisableDownSample : LIC, SRGB : PlaneXRGB
DUMP.img
1.0 : DisableCompressInTextureMemory, Compressed, Disable16bit, DisableDownSample : LIC, SRGB : PlaneXRGB
screwie.img
1.0 : Compressed : LIC : PlaneARGB
dump-lic.img
1.1 : Compressed, DisableDownSample, DisableMipMaps : DontAutoJPEG : PlaneARGB
dump-lic.img
1.1 : Compressed, DisableDownSample, DisableMipMaps : DontAutoJPEG : PlaneARGB
dump-lic.img
1.1 : Compressed, DisableDownSample, DisableMipMaps : LIC, DontAutoJPEG : PlaneXRGB
screwie-lic.img
1.1 : Compressed, DisableDownSample, DisableMipMaps : LIC, DontAutoJPEG : PlaneARGB
ulitbot.img
1.0 : Compressed, OneBitAlpha : LIC : ARGB
ulitbot.img
1.0 : Compressed, OneBitAlpha : LIC : ARGB
ulitbot.img
1.0 : Compressed, OneBitAlpha : LIC : ARGB
ulitbot.img
1.0 : Compressed, OneBitAlpha : LIC : ARGB
ulitbot.img
1.0 : Compressed, OneBitAlpha : LIC : ARGB
ulitbot.img
1.0 : Compressed, OneBitAlpha : LIC : ARGB
ulitbot.img
1.0 : Compressed, OneBitAlpha : LIC : ARGB
ulitbot.img
1.0 : Compressed, OneBitAlpha : LIC : ARGB
ulitbot.img
1.0 : Compressed, OneBitAlpha : LIC : ARGB
ulitbot.img
1.0 : Compressed, OneBitAlpha : LIC : ARGB
ulitbot.img
1.0 : Compressed, OneBitAlpha : LIC : ARGB
pickups.img
1.0 : DisableCompressInTextureMemory, OneBitAlpha, Disable16bit, DisableDownSample, DisableMipMaps : 0 : CLUT8
